#
# A fatal error has been detected by the Java Runtime Environment:
#
#  SIGSEGV (0xb) at pc=0x00007f0dd3dbdd8d, pid=27562, tid=139697262282496
#
# JRE version: 6.0_24-b07
# Java VM: Java HotSpot(TM) 64-Bit Server VM (19.1-b02 mixed mode linux-amd64 compressed oops)
# Problematic frame:
# V  [libjvm.so+0x4d4d8d]
#
# If you would like to submit a bug report, please visit:
#   http://java.sun.com/webapps/bugreport/crash.jsp
#

---------------  T H R E A D  ---------------

Current thread (0x0000000041c2d800):  JavaThread "JDWP Transport Listener: dt_socket" daemon [_thread_in_vm, id=27580, stack(0x00007f0dcda1c000,0x00007f0dcdb1d000)]

siginfo:si_signo=SIGSEGV: si_errno=0, si_code=128 (), si_addr=0x0000000000000000

Registers:
RAX=0x0000000000000001, RBX=0x0000000000000000, RCX=0x00007f0dd429a1c0, RDX=0x0000000000000000
RSP=0x00007f0dcdb1b950, RBP=0x00007f0dcdb1b9c0, RSI=0x0000000041c2d800, RDI=0x0000000041b95030
R8 =0x00007f0dd4db4000, R9 =0x00007f0dd429a1a8, R10=0x0000000000000ffc, R11=0x00007f0dd429a1b0
R12=0x0000000041b95030, R13=0x6f6d6174656d2f6d, R14=0x00007f0dcdb1ba0f, R15=0x00007f0dcdb1b950
RIP=0x00007f0dd3dbdd8d, EFL=0x0000000000010202, CSGSFS=0x0000000000000033, ERR=0x0000000000000000
  TRAPNO=0x000000000000000d

Register to memory mapping:

RAX=0x0000000000000001
0x0000000000000001 is pointing to unknown location

RBX=0x0000000000000000
0x0000000000000000 is pointing to unknown location

RCX=0x00007f0dd429a1c0
0x00007f0dd429a1c0: <offset 0x9b11c0> in /opt/jdk/jdk1.6.0_24/jre/lib/amd64/server/libjvm.so at 0x00007f0dd38e9000

RDX=0x0000000000000000
0x0000000000000000 is pointing to unknown location

RSP=0x00007f0dcdb1b950
0x00007f0dcdb1b950 is pointing into the stack for thread: 0x0000000041c2d800
"JDWP Transport Listener: dt_socket" daemon prio=10 tid=0x0000000041c2d800 nid=0x6bbc runnable [0x0000000000000000]
   java.lang.Thread.State: RUNNABLE

RBP=0x00007f0dcdb1b9c0
0x00007f0dcdb1b9c0 is pointing into the stack for thread: 0x0000000041c2d800
"JDWP Transport Listener: dt_socket" daemon prio=10 tid=0x0000000041c2d800 nid=0x6bbc runnable [0x0000000000000000]
   java.lang.Thread.State: RUNNABLE

RSI=0x0000000041c2d800
"JDWP Transport Listener: dt_socket" daemon prio=10 tid=0x0000000041c2d800 nid=0x6bbc runnable [0x0000000000000000]
   java.lang.Thread.State: RUNNABLE

RDI=0x0000000041b95030
0x0000000041b95030 is pointing to unknown location

R8 =0x00007f0dd4db4000
0x00007f0dd4db4000 is pointing to unknown location

R9 =0x00007f0dd429a1a8
0x00007f0dd429a1a8: <offset 0x9b11a8> in /opt/jdk/jdk1.6.0_24/jre/lib/amd64/server/libjvm.so at 0x00007f0dd38e9000

R10=0x0000000000000ffc
0x0000000000000ffc is pointing to unknown location

R11=0x00007f0dd429a1b0
0x00007f0dd429a1b0: <offset 0x9b11b0> in /opt/jdk/jdk1.6.0_24/jre/lib/amd64/server/libjvm.so at 0x00007f0dd38e9000

R12=0x0000000041b95030
0x0000000041b95030 is pointing to unknown location

R13=0x6f6d6174656d2f6d
0x6f6d6174656d2f6d is pointing to unknown location

R14=0x00007f0dcdb1ba0f
0x00007f0dcdb1ba0f is pointing into the stack for thread: 0x0000000041c2d800
"JDWP Transport Listener: dt_socket" daemon prio=10 tid=0x0000000041c2d800 nid=0x6bbc runnable [0x0000000000000000]
   java.lang.Thread.State: RUNNABLE

R15=0x00007f0dcdb1b950
0x00007f0dcdb1b950 is pointing into the stack for thread: 0x0000000041c2d800
"JDWP Transport Listener: dt_socket" daemon prio=10 tid=0x0000000041c2d800 nid=0x6bbc runnable [0x0000000000000000]
   java.lang.Thread.State: RUNNABLE


Top of Stack: (sp=0x00007f0dcdb1b950)
0x00007f0dcdb1b950:   0000000041c2d800 0000000000000000
0x00007f0dcdb1b960:   00007f0d00000000 0000000000000000
0x00007f0dcdb1b970:   0000000041c2d800 0000000000000000
0x00007f0dcdb1b980:   0000000041c2d800 00007f0dcdb1baa0
0x00007f0dcdb1b990:   0000000041c1e630 6f6d6174656d2f6d
0x00007f0dcdb1b9a0:   00007f0dd2df10f0 0000000000000001
0x00007f0dcdb1b9b0:   0000000000000001 0000000000000007
0x00007f0dcdb1b9c0:   00007f0dcdb1ba0f 00007f0dd2ce42ce
0x00007f0dcdb1b9d0:   6f6d6174656d2f6d 00007f0dcdb1baa0
0x00007f0dcdb1b9e0:   0000000000000001 00007f0dd2cc1a73
0x00007f0dcdb1b9f0:   0000000000000000 0000000000000000
0x00007f0dcdb1ba00:   0000000000000000 0000000000000009
0x00007f0dcdb1ba10:   0000000000000013 00007f0dcdb1baa0
0x00007f0dcdb1ba20:   0000000041c375b0 00007f0dd2cc1c36
0x00007f0dcdb1ba30:   00007f0dcdb1baa0 00000013cdb1bc60
0x00007f0dcdb1ba40:   0000000041c3c2c0 00007f0dcdb1baa0
0x00007f0dcdb1ba50:   00007f0dcdb1bc60 00007f0dcdb1bc30
0x00007f0dcdb1ba60:   00007f0dd2df10f0 00007f0dd2cc1cae
0x00007f0dcdb1ba70:   00007f0dcdb1bc30 00007f0dd2ccc8fb
0x00007f0dcdb1ba80:   0000130400000013 00007f0dc80f0200
0x00007f0dcdb1ba90:   00007f0dc801a960 00007f0dcdb1baa0
0x00007f0dcdb1baa0:   0000000041c3dc5f ffffffff00000011
0x00007f0dcdb1bab0:   0000000041c3ba20 000000000000012c
0x00007f0dcdb1bac0:   00007f0dcdb1baf0 0000000041c3c2a0
0x00007f0dcdb1bad0:   0000000000000000 0000130400000030
0x00007f0dcdb1bae0:   0000000000005680 00007f0dcdb1baf0
0x00007f0dcdb1baf0:   0000000013000000 0600000028e6c141
0x00007f0dcdb1bb00:   00003e74696e693c 0000005629280300
0x00007f0dcdb1bb10:   0000000100000000 000000f8c0c34100
0x00007f0dcdb1bb20:   747365547465670d 0000796576727553
0x00007f0dcdb1bb30:   67726f4c29282600 726f666e65706f2f
0x00007f0dcdb1bb40:   6d2f6d64692f7369 6c65646f6d617465 

Instructions: (pc=0x00007f0dd3dbdd8d)
0x00007f0dd3dbdd7d:   10 84 db 0f 84 ed 02 00 00 31 db 4d 85 ed 74 23
0x00007f0dd3dbdd8d:   49 8b 45 00 48 85 c0 0f 84 d2 02 00 00 49 bd fe 

Stack: [0x00007f0dcda1c000,0x00007f0dcdb1d000],  sp=0x00007f0dcdb1b950,  free space=1022k
Native frames: (J=compiled Java code, j=interpreted, Vv=VM code, C=native code)
V  [libjvm.so+0x4d4d8d]


---------------  P R O C E S S  ---------------

Java Threads: ( => current thread )
  0x00007f0dc8018000 JavaThread "Low Memory Detector" daemon [_thread_blocked, id=27588, stack(0x00007f0dcd517000,0x00007f0dcd618000)]
  0x00007f0dc8015800 JavaThread "CompilerThread1" daemon [_thread_blocked, id=27587, stack(0x00007f0dcd618000,0x00007f0dcd719000)]
  0x0000000041c36800 JavaThread "CompilerThread0" daemon [_thread_blocked, id=27586, stack(0x00007f0dcd719000,0x00007f0dcd81a000)]
  0x0000000041c33800 JavaThread "JDWP Command Reader" daemon [_thread_in_native, id=27583, stack(0x00007f0dcd81a000,0x00007f0dcd91b000)]
  0x0000000041c31000 JavaThread "JDWP Event Helper Thread" daemon [_thread_blocked, id=27582, stack(0x00007f0dcd91b000,0x00007f0dcda1c000)]
=>0x0000000041c2d800 JavaThread "JDWP Transport Listener: dt_socket" daemon [_thread_in_vm, id=27580, stack(0x00007f0dcda1c000,0x00007f0dcdb1d000)]
  0x0000000041c21000 JavaThread "Signal Dispatcher" daemon [_thread_blocked, id=27577, stack(0x00007f0dcdc21000,0x00007f0dcdd22000)]
  0x0000000041c05000 JavaThread "Finalizer" daemon [_thread_blocked, id=27575, stack(0x00007f0dcdd22000,0x00007f0dcde23000)]
  0x0000000041bfd800 JavaThread "Reference Handler" daemon [_thread_blocked, id=27574, stack(0x00007f0dcde23000,0x00007f0dcdf24000)]
  0x0000000041b99800 JavaThread "main" [_thread_blocked, id=27567, stack(0x00007f0dd3565000,0x00007f0dd3666000)]

Other Threads:
  0x0000000041bf7000 VMThread [stack: 0x00007f0dcdf24000,0x00007f0dce025000] [id=27573]
  0x00007f0dc801b000 WatcherThread [stack: 0x00007f0dcd416000,0x00007f0dcd517000] [id=27589]

VM state:not at safepoint (normal execution)

VM Mutex/Monitor currently owned by a thread: None

Heap
 PSYoungGen      total 36736K, used 1259K [0x00000007d6f60000, 0x00000007d9860000, 0x0000000800000000)
  eden space 31488K, 4% used [0x00000007d6f60000,0x00000007d709ae40,0x00000007d8e20000)
  from space 5248K, 0% used [0x00000007d9340000,0x00000007d9340000,0x00000007d9860000)
  to   space 5248K, 0% used [0x00000007d8e20000,0x00000007d8e20000,0x00000007d9340000)
 PSOldGen        total 84032K, used 0K [0x0000000784e00000, 0x000000078a010000, 0x00000007d6f60000)
  object space 84032K, 0% used [0x0000000784e00000,0x0000000784e00000,0x000000078a010000)
 PSPermGen       total 21248K, used 2933K [0x000000077fc00000, 0x00000007810c0000, 0x0000000784e00000)
  object space 21248K, 13% used [0x000000077fc00000,0x000000077fedd6e8,0x00000007810c0000)

Dynamic libraries:
40000000-40009000 r-xp 00000000 fc:03 32367                              /opt/jdk/jdk1.6.0_24/bin/java
40108000-4010a000 rwxp 00008000 fc:03 32367                              /opt/jdk/jdk1.6.0_24/bin/java
41b8d000-41c55000 rwxp 00000000 00:00 0                                  [heap]
77fc00000-7810c0000 rwxp 00000000 00:00 0 
7810c0000-784e00000 rwxp 00000000 00:00 0 
784e00000-78a010000 rwxp 00000000 00:00 0 
78a010000-7d6f60000 rwxp 00000000 00:00 0 
7d6f60000-7d9860000 rwxp 00000000 00:00 0 
7d9860000-800000000 rwxp 00000000 00:00 0 
7f0dc8000000-7f0dc804a000 rwxp 00000000 00:00 0 
7f0dc804a000-7f0dcc000000 ---p 00000000 00:00 0 
7f0dcd416000-7f0dcd417000 ---p 00000000 00:00 0 
7f0dcd417000-7f0dcd517000 rwxp 00000000 00:00 0 
7f0dcd517000-7f0dcd51a000 ---p 00000000 00:00 0 
7f0dcd51a000-7f0dcd618000 rwxp 00000000 00:00 0 
7f0dcd618000-7f0dcd61b000 ---p 00000000 00:00 0 
7f0dcd61b000-7f0dcd719000 rwxp 00000000 00:00 0 
7f0dcd719000-7f0dcd71c000 ---p 00000000 00:00 0 
7f0dcd71c000-7f0dcd81a000 rwxp 00000000 00:00 0 
7f0dcd81a000-7f0dcd81d000 ---p 00000000 00:00 0 
7f0dcd81d000-7f0dcd91b000 rwxp 00000000 00:00 0 
7f0dcd91b000-7f0dcd91e000 ---p 00000000 00:00 0 
7f0dcd91e000-7f0dcda1c000 rwxp 00000000 00:00 0 
7f0dcda1c000-7f0dcda1f000 ---p 00000000 00:00 0 
7f0dcda1f000-7f0dcdb1d000 rwxp 00000000 00:00 0 
7f0dcdb1d000-7f0dcdb20000 r-xp 00000000 fc:03 17080870                   /opt/jdk/jdk1.6.0_24/jre/lib/amd64/libdt_socket.so
7f0dcdb20000-7f0dcdc1f000 ---p 00003000 fc:03 17080870                   /opt/jdk/jdk1.6.0_24/jre/lib/amd64/libdt_socket.so
7f0dcdc1f000-7f0dcdc21000 rwxp 00002000 fc:03 17080870                   /opt/jdk/jdk1.6.0_24/jre/lib/amd64/libdt_socket.so
7f0dcdc21000-7f0dcdc24000 ---p 00000000 00:00 0 
7f0dcdc24000-7f0dcdd22000 rwxp 00000000 00:00 0 
7f0dcdd22000-7f0dcdd25000 ---p 00000000 00:00 0 
7f0dcdd25000-7f0dcde23000 rwxp 00000000 00:00 0 
7f0dcde23000-7f0dcde26000 ---p 00000000 00:00 0 
7f0dcde26000-7f0dcdf24000 rwxp 00000000 00:00 0 
7f0dcdf24000-7f0dcdf25000 ---p 00000000 00:00 0 
7f0dcdf25000-7f0dce55e000 rwxp 00000000 00:00 0 
7f0dce55e000-7f0dce6f6000 r-xs 03027000 fc:03 50364988                   /opt/jdk/jdk1.6.0_24/jre/lib/rt.jar
7f0dce6f6000-7f0dce71e000 rwxp 00000000 00:00 0 
7f0dce71e000-7f0dce71f000 ---p 00000000 00:00 0 
7f0dce71f000-7f0dce81f000 rwxp 00000000 00:00 0 
7f0dce81f000-7f0dce820000 ---p 00000000 00:00 0 
7f0dce820000-7f0dce920000 rwxp 00000000 00:00 0 
7f0dce920000-7f0dce921000 ---p 00000000 00:00 0 
7f0dce921000-7f0dcea21000 rwxp 00000000 00:00 0 
7f0dcea21000-7f0dcea22000 ---p 00000000 00:00 0 
7f0dcea22000-7f0dceb2d000 rwxp 00000000 00:00 0 
7f0dceb2d000-7f0dceb4b000 rwxp 00000000 00:00 0 
7f0dceb4b000-7f0dceb75000 rwxp 00000000 00:00 0 
7f0dceb75000-7f0dceddc000 rwxp 00000000 00:00 0 
7f0dceddc000-7f0dcede7000 rwxp 00000000 00:00 0 
7f0dcede7000-7f0dcee05000 rwxp 00000000 00:00 0 
7f0dcee05000-7f0dcee2f000 rwxp 00000000 00:00 0 
7f0dcee2f000-7f0dcf095000 rwxp 00000000 00:00 0 
7f0dcf095000-7f0dcf0ab000 rwxp 00000000 00:00 0 
7f0dcf0ab000-7f0dcf1de000 rwxp 00000000 00:00 0 
7f0dcf1de000-7f0dcf44f000 rwxp 00000000 00:00 0 
7f0dcf44f000-7f0dd21df000 rwxp 00000000 00:00 0 
7f0dd21df000-7f0dd21ed000 r-xp 00000000 fc:03 17080851                   /opt/jdk/jdk1.6.0_24/jre/lib/amd64/libzip.so
7f0dd21ed000-7f0dd22ef000 ---p 0000e000 fc:03 17080851                   /opt/jdk/jdk1.6.0_24/jre/lib/amd64/libzip.so
7f0dd22ef000-7f0dd22f2000 rwxp 00010000 fc:03 17080851                   /opt/jdk/jdk1.6.0_24/jre/lib/amd64/libzip.so
7f0dd22f2000-7f0dd22f3000 rwxp 00000000 00:00 0 
7f0dd22f3000-7f0dd22ff000 r-xp 00000000 fc:00 2159128                    /lib/libnss_files-2.12.1.so
7f0dd22ff000-7f0dd24fe000 ---p 0000c000 fc:00 2159128                    /lib/libnss_files-2.12.1.so
7f0dd24fe000-7f0dd24ff000 r-xp 0000b000 fc:00 2159128                    /lib/libnss_files-2.12.1.so
7f0dd24ff000-7f0dd2500000 rwxp 0000c000 fc:00 2159128                    /lib/libnss_files-2.12.1.so
7f0dd2500000-7f0dd250a000 r-xp 00000000 fc:00 2119697                    /lib/libnss_nis-2.12.1.so
7f0dd250a000-7f0dd2709000 ---p 0000a000 fc:00 2119697                    /lib/libnss_nis-2.12.1.so
7f0dd2709000-7f0dd270a000 r-xp 00009000 fc:00 2119697                    /lib/libnss_nis-2.12.1.so
7f0dd270a000-7f0dd270b000 rwxp 0000a000 fc:00 2119697                    /lib/libnss_nis-2.12.1.so
7f0dd270b000-7f0dd2713000 r-xp 00000000 fc:00 2159122                    /lib/libnss_compat-2.12.1.so
7f0dd2713000-7f0dd2912000 ---p 00008000 fc:00 2159122                    /lib/libnss_compat-2.12.1.so
7f0dd2912000-7f0dd2913000 r-xp 00007000 fc:00 2159122                    /lib/libnss_compat-2.12.1.so
7f0dd2913000-7f0dd2914000 rwxp 00008000 fc:00 2159122                    /lib/libnss_compat-2.12.1.so
7f0dd2914000-7f0dd2bb8000 r-xp 00000000 fc:01 8389024                    /usr/lib/locale/locale-archive
7f0dd2bb8000-7f0dd2bbb000 r-xp 00000000 fc:03 17080842                   /opt/jdk/jdk1.6.0_24/jre/lib/amd64/libnpt.so
7f0dd2bbb000-7f0dd2cba000 ---p 00003000 fc:03 17080842                   /opt/jdk/jdk1.6.0_24/jre/lib/amd64/libnpt.so
7f0dd2cba000-7f0dd2cbb000 rwxp 00002000 fc:03 17080842                   /opt/jdk/jdk1.6.0_24/jre/lib/amd64/libnpt.so
7f0dd2cbb000-7f0dd2cf1000 r-xp 00000000 fc:03 17080866                   /opt/jdk/jdk1.6.0_24/jre/lib/amd64/libjdwp.so
7f0dd2cf1000-7f0dd2df0000 ---p 00036000 fc:03 17080866                   /opt/jdk/jdk1.6.0_24/jre/lib/amd64/libjdwp.so
7f0dd2df0000-7f0dd2dfa000 rwxp 00035000 fc:03 17080866                   /opt/jdk/jdk1.6.0_24/jre/lib/amd64/libjdwp.so
7f0dd2dfa000-7f0dd2e01000 r-xp 00000000 fc:03 32712                      /opt/jdk/jdk1.6.0_24/jre/lib/amd64/native_threads/libhpi.so
7f0dd2e01000-7f0dd2f02000 ---p 00007000 fc:03 32712                      /opt/jdk/jdk1.6.0_24/jre/lib/amd64/native_threads/libhpi.so
7f0dd2f02000-7f0dd2f04000 rwxp 00008000 fc:03 32712                      /opt/jdk/jdk1.6.0_24/jre/lib/amd64/native_threads/libhpi.so
7f0dd2f04000-7f0dd2f05000 rwxp 00000000 00:00 0 
7f0dd2f05000-7f0dd2f1c000 r-xp 00000000 fc:00 2159118                    /lib/libnsl-2.12.1.so
7f0dd2f1c000-7f0dd311b000 ---p 00017000 fc:00 2159118                    /lib/libnsl-2.12.1.so
7f0dd311b000-7f0dd311c000 r-xp 00016000 fc:00 2159118                    /lib/libnsl-2.12.1.so
7f0dd311c000-7f0dd311d000 rwxp 00017000 fc:00 2159118                    /lib/libnsl-2.12.1.so
7f0dd311d000-7f0dd311f000 rwxp 00000000 00:00 0 
7f0dd311f000-7f0dd3148000 r-xp 00000000 fc:03 17080862                   /opt/jdk/jdk1.6.0_24/jre/lib/amd64/libjava.so
7f0dd3148000-7f0dd3247000 ---p 00029000 fc:03 17080862                   /opt/jdk/jdk1.6.0_24/jre/lib/amd64/libjava.so
7f0dd3247000-7f0dd324e000 rwxp 00028000 fc:03 17080862                   /opt/jdk/jdk1.6.0_24/jre/lib/amd64/libjava.so
7f0dd324e000-7f0dd325b000 r-xp 00000000 fc:03 17080846                   /opt/jdk/jdk1.6.0_24/jre/lib/amd64/libverify.so
7f0dd325b000-7f0dd335a000 ---p 0000d000 fc:03 17080846                   /opt/jdk/jdk1.6.0_24/jre/lib/amd64/libverify.so
7f0dd335a000-7f0dd335d000 rwxp 0000c000 fc:03 17080846                   /opt/jdk/jdk1.6.0_24/jre/lib/amd64/libverify.so
7f0dd335d000-7f0dd3364000 r-xp 00000000 fc:00 2329923                    /lib/librt-2.12.1.so
7f0dd3364000-7f0dd3563000 ---p 00007000 fc:00 2329923                    /lib/librt-2.12.1.so
7f0dd3563000-7f0dd3564000 r-xp 00006000 fc:00 2329923                    /lib/librt-2.12.1.so
7f0dd3564000-7f0dd3565000 rwxp 00007000 fc:00 2329923                    /lib/librt-2.12.1.so
7f0dd3565000-7f0dd3568000 ---p 00000000 00:00 0 
7f0dd3568000-7f0dd3666000 rwxp 00000000 00:00 0 
7f0dd3666000-7f0dd36e8000 r-xp 00000000 fc:00 2159111                    /lib/libm-2.12.1.so
7f0dd36e8000-7f0dd38e7000 ---p 00082000 fc:00 2159111                    /lib/libm-2.12.1.so
7f0dd38e7000-7f0dd38e8000 r-xp 00081000 fc:00 2159111                    /lib/libm-2.12.1.so
7f0dd38e8000-7f0dd38e9000 rwxp 00082000 fc:00 2159111                    /lib/libm-2.12.1.so
7f0dd38e9000-7f0dd4127000 r-xp 00000000 fc:03 33650399                   /opt/jdk/jdk1.6.0_24/jre/lib/amd64/server/libjvm.so
7f0dd4127000-7f0dd4226000 ---p 0083e000 fc:03 33650399                   /opt/jdk/jdk1.6.0_24/jre/lib/amd64/server/libjvm.so
7f0dd4226000-7f0dd43ba000 rwxp 0083d000 fc:03 33650399                   /opt/jdk/jdk1.6.0_24/jre/lib/amd64/server/libjvm.so
7f0dd43ba000-7f0dd43f3000 rwxp 00000000 00:00 0 
7f0dd43f3000-7f0dd456d000 r-xp 00000000 fc:00 2119695                    /lib/libc-2.12.1.so
7f0dd456d000-7f0dd476d000 ---p 0017a000 fc:00 2119695                    /lib/libc-2.12.1.so
7f0dd476d000-7f0dd4771000 r-xp 0017a000 fc:00 2119695                    /lib/libc-2.12.1.so
7f0dd4771000-7f0dd4772000 rwxp 0017e000 fc:00 2119695                    /lib/libc-2.12.1.so
7f0dd4772000-7f0dd4777000 rwxp 00000000 00:00 0 
7f0dd4777000-7f0dd4779000 r-xp 00000000 fc:00 2159109                    /lib/libdl-2.12.1.so
7f0dd4779000-7f0dd4979000 ---p 00002000 fc:00 2159109                    /lib/libdl-2.12.1.so
7f0dd4979000-7f0dd497a000 r-xp 00002000 fc:00 2159109                    /lib/libdl-2.12.1.so
7f0dd497a000-7f0dd497b000 rwxp 00003000 fc:00 2159109                    /lib/libdl-2.12.1.so
7f0dd497b000-7f0dd4993000 r-xp 00000000 fc:00 2329921                    /lib/libpthread-2.12.1.so
7f0dd4993000-7f0dd4b92000 ---p 00018000 fc:00 2329921                    /lib/libpthread-2.12.1.so
7f0dd4b92000-7f0dd4b93000 r-xp 00017000 fc:00 2329921                    /lib/libpthread-2.12.1.so
7f0dd4b93000-7f0dd4b94000 rwxp 00018000 fc:00 2329921                    /lib/libpthread-2.12.1.so
7f0dd4b94000-7f0dd4b98000 rwxp 00000000 00:00 0 
7f0dd4b98000-7f0dd4bb8000 r-xp 00000000 fc:00 2116526                    /lib/ld-2.12.1.so
7f0dd4bcb000-7f0dd4bd5000 rwxp 00000000 00:00 0 
7f0dd4bd5000-7f0dd4c8b000 rwxp 00000000 00:00 0 
7f0dd4c8b000-7f0dd4c8e000 rwxp 00000000 00:00 0 
7f0dd4c8e000-7f0dd4c95000 r-xp 00000000 fc:03 33650397                   /opt/jdk/jdk1.6.0_24/jre/lib/amd64/jli/libjli.so
7f0dd4c95000-7f0dd4d96000 ---p 00007000 fc:03 33650397                   /opt/jdk/jdk1.6.0_24/jre/lib/amd64/jli/libjli.so
7f0dd4d96000-7f0dd4d98000 rwxp 00008000 fc:03 33650397                   /opt/jdk/jdk1.6.0_24/jre/lib/amd64/jli/libjli.so
7f0dd4d98000-7f0dd4d99000 rwxp 00000000 00:00 0 
7f0dd4d9b000-7f0dd4dac000 r-xs 000cf000 fc:05 2586981                    /home/gino/.m2/repository/org/liquibase/liquibase-core/2.0.3/liquibase-core-2.0.3.jar
7f0dd4dac000-7f0dd4db4000 rwxs 00000000 fc:04 1048980                    /tmp/hsperfdata_gino/27562
7f0dd4db4000-7f0dd4db5000 rwxp 00000000 00:00 0 
7f0dd4db5000-7f0dd4db6000 r-xp 00000000 00:00 0 
7f0dd4db6000-7f0dd4db8000 rwxp 00000000 00:00 0 
7f0dd4db8000-7f0dd4db9000 r-xp 00020000 fc:00 2116526                    /lib/ld-2.12.1.so
7f0dd4db9000-7f0dd4dba000 rwxp 00021000 fc:00 2116526                    /lib/ld-2.12.1.so
7f0dd4dba000-7f0dd4dbb000 rwxp 00000000 00:00 0 
7fffb2777000-7fffb2798000 rwxp 00000000 00:00 0                          [stack]
7fffb27b6000-7fffb27b7000 r-xp 00000000 00:00 0                          [vdso]
ffffffffff600000-ffffffffff601000 r-xp 00000000 00:00 0                  [vsyscall]

VM Arguments:
jvm_args: -agentlib:jdwp=transport=dt_socket,suspend=y,address=localhost:33449 -Dfile.encoding=UTF-8 
java_command: org.openforis.idm.db.IdmDatabaseSnapshotGenerator
Launcher Type: SUN_STANDARD

Environment Variables:
JAVA_HOME=/opt/jdk/current
PATH=/opt/jdk/current/bin:/opt/flex-sdk/current/bin:/opt/maven/current/bin:/usr/local/sbin:/usr/local/bin:/usr/sbin:/usr/bin:/sbin:/bin:/usr/games
USERNAME=gino
LD_LIBRARY_PATH=/opt/jdk/jdk1.6.0_24/jre/lib/amd64/server:/opt/jdk/jdk1.6.0_24/jre/lib/amd64:/opt/jdk/jdk1.6.0_24/jre/../lib/amd64
SHELL=/bin/bash
DISPLAY=:0.0

Signal Handlers:
SIGSEGV: [libjvm.so+0x791b30], sa_mask[0]=0x7ffbfeff, sa_flags=0x10000004
SIGBUS: [libjvm.so+0x791b30], sa_mask[0]=0x7ffbfeff, sa_flags=0x10000004
SIGFPE: [libjvm.so+0x640ba0], sa_mask[0]=0x7ffbfeff, sa_flags=0x10000004
SIGPIPE: [libjvm.so+0x640ba0], sa_mask[0]=0x7ffbfeff, sa_flags=0x10000004
SIGXFSZ: [libjvm.so+0x640ba0], sa_mask[0]=0x7ffbfeff, sa_flags=0x10000004
SIGILL: [libjvm.so+0x640ba0], sa_mask[0]=0x7ffbfeff, sa_flags=0x10000004
SIGUSR1: SIG_DFL, sa_mask[0]=0x00000000, sa_flags=0x00000000
SIGUSR2: [libjvm.so+0x643780], sa_mask[0]=0x00000004, sa_flags=0x10000004
SIGHUP: [libjvm.so+0x643380], sa_mask[0]=0x7ffbfeff, sa_flags=0x10000004
SIGINT: [libjvm.so+0x643380], sa_mask[0]=0x7ffbfeff, sa_flags=0x10000004
SIGTERM: [libjvm.so+0x643380], sa_mask[0]=0x7ffbfeff, sa_flags=0x10000004
SIGQUIT: [libjvm.so+0x643380], sa_mask[0]=0x7ffbfeff, sa_flags=0x10000004


---------------  S Y S T E M  ---------------

OS:squeeze/sid

uname:Linux 2.6.35-32-generic #67-Ubuntu SMP Mon Mar 5 19:39:49 UTC 2012 x86_64
libc:glibc 2.12.1 NPTL 2.12.1 
rlimit: STACK 8192k, CORE 0k, NPROC infinity, NOFILE 1024, AS infinity
load average:0.07 0.05 0.09

/proc/meminfo:
MemTotal:        8062316 kB
MemFree:         2448204 kB
Buffers:             856 kB
Cached:          3012988 kB
SwapCached:            0 kB
Active:          2496540 kB
Inactive:        2393356 kB
Active(anon):    1878876 kB
Inactive(anon):     8040 kB
Active(file):     617664 kB
Inactive(file):  2385316 kB
Unevictable:          56 kB
Mlocked:              56 kB
SwapTotal:      15622140 kB
SwapFree:       15622140 kB
Dirty:               124 kB
Writeback:             0 kB
AnonPages:       1876112 kB
Mapped:           264380 kB
Shmem:             10864 kB
Slab:             285964 kB
SReclaimable:     255156 kB
SUnreclaim:        30808 kB
KernelStack:        4512 kB
PageTables:        35484 kB
NFS_Unstable:          0 kB
Bounce:                0 kB
WritebackTmp:          0 kB
CommitLimit:    19653296 kB
Committed_AS:    3849168 kB
VmallocTotal:   34359738367 kB
VmallocUsed:      328284 kB
VmallocChunk:   34359397864 kB
HardwareCorrupted:     0 kB
HugePages_Total:       0
HugePages_Free:        0
HugePages_Rsvd:        0
HugePages_Surp:        0
Hugepagesize:       2048 kB
DirectMap4k:       51196 kB
DirectMap2M:     8204288 kB


CPU:total 4 (4 cores per cpu, 1 threads per core) family 6 model 23 stepping 10, cmov, cx8, fxsr, mmx, sse, sse2, sse3, ssse3, sse4.1

Memory: 4k page, physical 8062316k(2448204k free), swap 15622140k(15622140k free)

vm_info: Java HotSpot(TM) 64-Bit Server VM (19.1-b02) for linux-amd64 JRE (1.6.0_24-b07), built on Feb  2 2011 16:55:54 by "java_re" with gcc 3.2.2 (SuSE Linux)

time: Mon Jun 11 14:59:33 2012
elapsed time: 779 seconds

